<?xml version="1.0" encoding="UTF-8"?>
<!-- Generated by org.testng.reporters.JUnitXMLReporter -->
<testsuite ignored="0" hostname="DESKTOP-5JOCHJR" failures="0" tests="2" name="Default test" time="60.247" errors="0" timestamp="2021-10-21T01:32:13 IST">
  <testcase classname="com.testingshastra.uitests.HomePageTest" name="verifyTitleOFHomePage" time="5.618"/>
  <testcase classname="com.testingshastra.uitests.HomePageTest" name="verifyToUserRedirectToJoinMeetPage" time="8.901"/>
</testsuite> <!-- Default test -->
