<?xml version="1.0" encoding="UTF-8"?>
<!-- Generated by org.testng.reporters.JUnitXMLReporter -->
<testsuite ignored="0" hostname="DESKTOP-5JOCHJR" failures="0" tests="2" name="Test" time="67.608" errors="0" timestamp="2021-10-19T19:51:36 IST">
  <testcase classname="com.testingshashtra.uitests.homepage.HomePageTests" name="verifyTitleOfHomePage" time="24.365"/>
  <testcase classname="com.testingshastra.uitests.SignUpPage" name="validateFulltNameFieldForCorrectInput" time="25.955"/>
</testsuite> <!-- Test -->
