<?xml version="1.0" encoding="UTF-8"?>
<testng-results ignored="0" total="2" passed="2" failed="0" skipped="0">
  <reporter-output>
  </reporter-output>
  <suite started-at="2021-10-21T01:31:13 IST" name="Default suite" finished-at="2021-10-21T01:32:13 IST" duration-ms="60247">
    <groups>
    </groups>
    <test started-at="2021-10-21T01:31:13 IST" name="Default test" finished-at="2021-10-21T01:32:13 IST" duration-ms="60247">
      <class name="com.testingshastra.uitests.HomePageTest">
        <test-method is-config="true" signature="setup()[pri:0, instance:com.testingshastra.uitests.HomePageTest@3012646b]" started-at="2021-10-21T01:31:13 IST" name="setup" finished-at="2021-10-21T01:31:36 IST" duration-ms="22989" status="PASS">
          <reporter-output>
          </reporter-output>
        </test-method> <!-- setup -->
        <test-method signature="verifyTitleOFHomePage()[pri:0, instance:com.testingshastra.uitests.HomePageTest@3012646b]" started-at="2021-10-21T01:31:36 IST" name="verifyTitleOFHomePage" finished-at="2021-10-21T01:31:41 IST" duration-ms="5618" status="PASS">
          <reporter-output>
          </reporter-output>
        </test-method> <!-- verifyTitleOFHomePage -->
        <test-method is-config="true" signature="tearDown()[pri:0, instance:com.testingshastra.uitests.HomePageTest@3012646b]" started-at="2021-10-21T01:31:41 IST" name="tearDown" finished-at="2021-10-21T01:31:42 IST" duration-ms="827" status="PASS">
          <reporter-output>
          </reporter-output>
        </test-method> <!-- tearDown -->
        <test-method is-config="true" signature="setup()[pri:0, instance:com.testingshastra.uitests.HomePageTest@3012646b]" started-at="2021-10-21T01:31:42 IST" name="setup" finished-at="2021-10-21T01:32:03 IST" duration-ms="21080" status="PASS">
          <reporter-output>
          </reporter-output>
        </test-method> <!-- setup -->
        <test-method signature="verifyToUserRedirectToJoinMeetPage()[pri:0, instance:com.testingshastra.uitests.HomePageTest@3012646b]" started-at="2021-10-21T01:32:03 IST" name="verifyToUserRedirectToJoinMeetPage" finished-at="2021-10-21T01:32:12 IST" duration-ms="8901" status="PASS">
          <reporter-output>
          </reporter-output>
        </test-method> <!-- verifyToUserRedirectToJoinMeetPage -->
        <test-method is-config="true" signature="tearDown()[pri:0, instance:com.testingshastra.uitests.HomePageTest@3012646b]" started-at="2021-10-21T01:32:12 IST" name="tearDown" finished-at="2021-10-21T01:32:13 IST" duration-ms="785" status="PASS">
          <reporter-output>
          </reporter-output>
        </test-method> <!-- tearDown -->
      </class> <!-- com.testingshastra.uitests.HomePageTest -->
    </test> <!-- Default test -->
  </suite> <!-- Default suite -->
</testng-results>
